<?xml version="1.0" encoding="UTF-8"?>
<!-- Generated by org.testng.reporters.JUnitReportReporter -->
<testsuite skipped="0" hostname="LAPTOP-QHVUHL2M" name="First.Second.Crossbrowser" tests="2" failures="0" timestamp="2020-10-31T15:48:16 IST" time="9.998" errors="0">
  <testcase name="run" time="4.378" classname="First.Second.Crossbrowser"/>
  <system-out/>
  <testcase name="run" time="5.620" classname="First.Second.Crossbrowser"/>
  <system-out/>
</testsuite> <!-- First.Second.Crossbrowser -->
