<?xml version="1.0" encoding="UTF-8"?>
<!-- Generated by org.testng.reporters.JUnitReportReporter -->
<testsuite skipped="0" hostname="LAPTOP-QHVUHL2M" name="First.Second.PFwithNG" tests="1" failures="0" timestamp="31 Oct 2020 07:43:34 GMT" time="2.246" errors="0">
  <testcase name="run" time="2.246" classname="First.Second.PFwithNG"/>
</testsuite> <!-- First.Second.PFwithNG -->
